<?xml version="1.0" encoding="UTF-8"?>
<!-- Generated by org.testng.reporters.JUnitReportReporter -->
<testsuite skipped="0" hostname="IN5CG4525JV9" name="ara.javaBasics.Java.com.Read_text_write_excel" tests="1" failures="0" timestamp="06 May 2019 10:59:43 GMT" time="0.245" errors="0">
  <testcase name="write" time="0.245" classname="ara.javaBasics.Java.com.Read_text_write_excel"/>
</testsuite> <!-- ara.javaBasics.Java.com.Read_text_write_excel -->
