<?xml version="1.0" encoding="UTF-8"?>
<!-- Generated by org.testng.reporters.JUnitReportReporter -->
<testsuite skipped="0" hostname="IN5CG4525JV9" name="ara.javaBasics.Java.com.Read_write" tests="1" failures="0" timestamp="10 May 2019 11:14:25 GMT" time="0.018" errors="0">
  <testcase name="read" time="0.018" classname="ara.javaBasics.Java.com.Read_write"/>
</testsuite> <!-- ara.javaBasics.Java.com.Read_write -->
