<?xml version="1.0" encoding="UTF-8"?>
<!-- Generated by org.testng.reporters.JUnitReportReporter -->
<testsuite skipped="0" hostname="IN5CG4525JV9" name="ara.javaBasics.Java.com.Sample_list_iterator" tests="1" failures="0" timestamp="04 Apr 2019 11:59:58 GMT" time="0.027" errors="0">
  <testcase name="test" time="0.027" classname="ara.javaBasics.Java.com.Sample_list_iterator"/>
</testsuite> <!-- ara.javaBasics.Java.com.Sample_list_iterator -->
